# This file may be used to create an environment using:
# $ conda create --name <env> --file <this file>
# platform: win-64
@EXPLICIT
https://conda.anaconda.org/free/win-64/blas-1.0-mkl.tar.bz2
https://conda.anaconda.org/intel/win-64/ca-certificates-2020.12.5-0.tar.bz2
https://repo.anaconda.com/pkgs/main/win-64/icc_rt-2019.0.0-h0cc432a_1.conda
https://repo.anaconda.com/pkgs/main/win-64/intel-openmp-2021.2.0-haa95532_616.conda
https://conda.anaconda.org/intel/win-64/intelpython-2021.1.1-1.tar.bz2
https://repo.anaconda.com/pkgs/msys2/win-64/msys2-conda-epoch-20160418-1.tar.bz2
https://conda.anaconda.org/free/win-64/pandoc-1.19.2.1-1.tar.bz2
https://repo.anaconda.com/pkgs/main/win-64/vs2015_runtime-14.27.29016-h5e58377_2.conda
https://repo.anaconda.com/pkgs/main/win-64/winpty-0.4.3-4.conda
https://repo.anaconda.com/pkgs/msys2/win-64/m2w64-gmp-6.1.0-2.tar.bz2
https://repo.anaconda.com/pkgs/msys2/win-64/m2w64-libwinpthread-git-5.0.0.4634.697f757-2.tar.bz2
https://repo.anaconda.com/pkgs/main/win-64/mkl-2021.2.0-haa95532_296.conda
https://repo.anaconda.com/pkgs/main/win-64/vc-14.2-h21ff451_1.conda
https://repo.anaconda.com/pkgs/main/win-64/icu-58.2-ha925a31_3.conda
https://repo.anaconda.com/pkgs/main/win-64/jpeg-9b-hb83a4c4_2.conda
https://repo.anaconda.com/pkgs/main/win-64/libsodium-1.0.18-h62dcd97_0.conda
https://repo.anaconda.com/pkgs/main/win-64/lz4-c-1.9.3-h2bbff1b_0.conda
https://repo.anaconda.com/pkgs/msys2/win-64/m2w64-gcc-libs-core-5.3.0-7.tar.bz2
https://repo.anaconda.com/pkgs/main/win-64/openssl-1.1.1k-h2bbff1b_0.conda
https://repo.anaconda.com/pkgs/main/win-64/sqlite-3.35.4-h2bbff1b_0.conda
https://repo.anaconda.com/pkgs/main/win-64/tk-8.6.10-he774522_0.conda
https://repo.anaconda.com/pkgs/main/win-64/xz-5.2.5-h62dcd97_0.conda
https://repo.anaconda.com/pkgs/main/win-64/yaml-0.2.5-he774522_0.conda
https://repo.anaconda.com/pkgs/main/win-64/zlib-1.2.11-h62dcd97_4.conda
https://repo.anaconda.com/pkgs/main/win-64/libpng-1.6.37-h2a8f88b_0.conda
https://repo.anaconda.com/pkgs/msys2/win-64/m2w64-gcc-libgfortran-5.3.0-6.tar.bz2
https://repo.anaconda.com/pkgs/main/win-64/python-3.7.10-h6244533_0.conda
https://repo.anaconda.com/pkgs/main/win-64/zeromq-4.3.3-ha925a31_3.conda
https://repo.anaconda.com/pkgs/main/win-64/zstd-1.4.9-h19a0ad4_0.conda
https://repo.anaconda.com/pkgs/main/noarch/attrs-21.2.0-pyhd3eb1b0_0.conda
https://repo.anaconda.com/pkgs/main/noarch/backcall-0.2.0-pyhd3eb1b0_0.tar.bz2
https://conda.anaconda.org/intel/win-64/certifi-2020.12.5-py37_0.tar.bz2
https://repo.anaconda.com/pkgs/main/win-64/chardet-4.0.0-py37haa95532_1003.conda
https://repo.anaconda.com/pkgs/main/noarch/click-8.0.0-pyhd3eb1b0_0.conda
https://repo.anaconda.com/pkgs/main/noarch/cloudpickle-1.6.0-py_0.conda
https://repo.anaconda.com/pkgs/main/noarch/colorama-0.4.4-pyhd3eb1b0_0.conda
https://repo.anaconda.com/pkgs/main/noarch/decorator-5.0.9-pyhd3eb1b0_0.conda
https://repo.anaconda.com/pkgs/main/noarch/defusedxml-0.7.1-pyhd3eb1b0_0.conda
https://repo.anaconda.com/pkgs/main/win-64/entrypoints-0.3-py37_0.conda
https://repo.anaconda.com/pkgs/main/win-64/freetype-2.10.4-hd328e21_0.conda
https://repo.anaconda.com/pkgs/main/noarch/fsspec-0.9.0-pyhd3eb1b0_0.conda
https://repo.anaconda.com/pkgs/main/win-64/greenlet-1.1.0-py37hd77b12b_0.conda
https://repo.anaconda.com/pkgs/main/noarch/heapdict-1.0.1-py_0.conda
https://repo.anaconda.com/pkgs/main/noarch/idna-2.10-pyhd3eb1b0_0.tar.bz2
https://repo.anaconda.com/pkgs/main/noarch/ipython_genutils-0.2.0-pyhd3eb1b0_1.conda
https://repo.anaconda.com/pkgs/main/noarch/json5-0.9.5-py_0.conda
https://repo.anaconda.com/pkgs/main/noarch/jupyterlab_widgets-1.0.0-pyhd3eb1b0_1.conda
https://repo.anaconda.com/pkgs/main/win-64/kiwisolver-1.3.1-py37hd77b12b_0.conda
https://repo.anaconda.com/pkgs/main/win-64/lazy-object-proxy-1.6.0-py37h2bbff1b_0.conda
https://repo.anaconda.com/pkgs/main/win-64/libtiff-4.1.0-h56a325e_1.conda
https://repo.anaconda.com/pkgs/main/win-64/llvmlite-0.36.0-py37h34b8924_4.conda
https://repo.anaconda.com/pkgs/main/win-64/locket-0.2.1-py37haa95532_1.conda
https://repo.anaconda.com/pkgs/msys2/win-64/m2w64-gcc-libs-5.3.0-7.tar.bz2
https://repo.anaconda.com/pkgs/main/win-64/markupsafe-2.0.0-py37h2bbff1b_0.conda
https://repo.anaconda.com/pkgs/main/win-64/mccabe-0.6.1-py37_1.conda
https://repo.anaconda.com/pkgs/main/win-64/mistune-0.8.4-py37hfa6e2cd_1001.conda
https://repo.anaconda.com/pkgs/main/win-64/msgpack-python-1.0.2-py37h59b6b97_1.conda
https://repo.anaconda.com/pkgs/main/win-64/olefile-0.46-py37_0.conda
https://repo.anaconda.com/pkgs/main/win-64/pandocfilters-1.4.3-py37haa95532_1.conda
https://conda.anaconda.org/pyviz/noarch/param-1.10.1-py_0.tar.bz2
https://repo.anaconda.com/pkgs/main/noarch/parso-0.8.2-pyhd3eb1b0_0.conda
https://repo.anaconda.com/pkgs/main/noarch/pickleshare-0.7.5-pyhd3eb1b0_1003.conda
https://repo.anaconda.com/pkgs/main/noarch/prometheus_client-0.10.1-pyhd3eb1b0_0.conda
https://repo.anaconda.com/pkgs/main/win-64/psutil-5.8.0-py37h2bbff1b_1.conda
https://repo.anaconda.com/pkgs/main/noarch/pycparser-2.20-py_2.conda
https://repo.anaconda.com/pkgs/main/win-64/pyodbc-4.0.30-py37ha925a31_0.conda
https://repo.anaconda.com/pkgs/main/noarch/pyparsing-2.4.7-pyhd3eb1b0_0.tar.bz2
https://repo.anaconda.com/pkgs/main/win-64/pyrsistent-0.17.3-py37he774522_0.conda
https://repo.anaconda.com/pkgs/main/noarch/pytz-2021.1-pyhd3eb1b0_0.conda
https://repo.anaconda.com/pkgs/main/win-64/pywin32-227-py37he774522_1.conda
https://repo.anaconda.com/pkgs/main/win-64/pyyaml-5.4.1-py37h2bbff1b_1.conda
https://repo.anaconda.com/pkgs/main/win-64/pyzmq-20.0.0-py37hd77b12b_1.conda
https://repo.anaconda.com/pkgs/main/win-64/qt-5.9.7-vc14h73c81de_0.conda
https://repo.anaconda.com/pkgs/main/noarch/send2trash-1.5.0-pyhd3eb1b0_1.conda
https://repo.anaconda.com/pkgs/main/win-64/sip-4.19.8-py37h6538335_0.conda
https://repo.anaconda.com/pkgs/main/win-64/six-1.15.0-py37haa95532_0.conda
https://repo.anaconda.com/pkgs/main/win-64/sniffio-1.2.0-py37haa95532_1.conda
https://repo.anaconda.com/pkgs/main/noarch/sortedcontainers-2.3.0-pyhd3eb1b0_0.conda
https://repo.anaconda.com/pkgs/main/noarch/tblib-1.7.0-py_0.conda
https://repo.anaconda.com/pkgs/main/noarch/testpath-0.4.4-pyhd3eb1b0_0.tar.bz2
https://repo.anaconda.com/pkgs/main/noarch/toml-0.10.2-pyhd3eb1b0_0.conda
https://repo.anaconda.com/pkgs/main/noarch/toolz-0.11.1-pyhd3eb1b0_0.tar.bz2
https://repo.anaconda.com/pkgs/main/win-64/tornado-6.1-py37h2bbff1b_0.conda
https://repo.anaconda.com/pkgs/main/noarch/tqdm-4.59.0-pyhd3eb1b0_1.conda
https://repo.anaconda.com/pkgs/main/win-64/typed-ast-1.4.2-py37h2bbff1b_1.conda
https://repo.anaconda.com/pkgs/main/noarch/typing_extensions-3.7.4.3-pyha847dfd_0.tar.bz2
https://repo.anaconda.com/pkgs/main/noarch/wcwidth-0.2.5-py_0.conda
https://repo.anaconda.com/pkgs/main/win-64/webencodings-0.5.1-py37_1.conda
https://repo.anaconda.com/pkgs/main/noarch/wheel-0.36.2-pyhd3eb1b0_0.conda
https://repo.anaconda.com/pkgs/main/win-64/win_inet_pton-1.1.0-py37haa95532_0.conda
https://repo.anaconda.com/pkgs/main/win-64/wincertstore-0.2-py37_0.conda
https://repo.anaconda.com/pkgs/main/win-64/wrapt-1.12.1-py37he774522_1.conda
https://repo.anaconda.com/pkgs/main/noarch/zipp-3.4.1-pyhd3eb1b0_0.conda
https://repo.anaconda.com/pkgs/main/win-64/anyio-2.2.0-py37haa95532_2.conda
https://repo.anaconda.com/pkgs/main/noarch/babel-2.9.1-pyhd3eb1b0_0.conda
https://repo.anaconda.com/pkgs/main/win-64/cffi-1.14.5-py37hcd4344a_0.conda
https://repo.anaconda.com/pkgs/main/win-64/cycler-0.10.0-py37_0.conda
https://repo.anaconda.com/pkgs/main/win-64/cytoolz-0.11.0-py37he774522_0.conda
https://repo.anaconda.com/pkgs/main/win-64/importlib-metadata-3.10.0-py37haa95532_0.conda
https://repo.anaconda.com/pkgs/main/win-64/jedi-0.17.0-py37_0.conda
https://conda.anaconda.org/intel/win-64/mkl-service-2.3.0-py37h827e0cd_10.tar.bz2
https://repo.anaconda.com/pkgs/main/win-64/multipledispatch-0.6.0-py37_0.conda
https://repo.anaconda.com/pkgs/main/noarch/packaging-20.9-pyhd3eb1b0_0.conda
https://repo.anaconda.com/pkgs/main/noarch/partd-1.2.0-pyhd3eb1b0_0.conda
https://repo.anaconda.com/pkgs/main/win-64/pillow-8.2.0-py37h4fa10fc_0.conda
https://repo.anaconda.com/pkgs/main/noarch/prompt-toolkit-3.0.17-pyh06a4308_0.conda
https://repo.anaconda.com/pkgs/main/win-64/pyqt-5.9.2-py37h6538335_2.conda
https://repo.anaconda.com/pkgs/main/win-64/pysocks-1.7.1-py37_1.conda
https://repo.anaconda.com/pkgs/main/noarch/python-dateutil-2.8.1-pyhd3eb1b0_0.tar.bz2
https://repo.anaconda.com/pkgs/main/noarch/pyviz_comms-2.0.1-pyhd3eb1b0_0.conda
https://repo.anaconda.com/pkgs/main/win-64/pywinpty-0.5.7-py37_0.conda
https://repo.anaconda.com/pkgs/main/win-64/setuptools-52.0.0-py37haa95532_0.conda
https://repo.anaconda.com/pkgs/main/noarch/traitlets-5.0.5-pyhd3eb1b0_0.tar.bz2
https://repo.anaconda.com/pkgs/main/noarch/zict-2.0.0-pyhd3eb1b0_0.tar.bz2
https://repo.anaconda.com/pkgs/main/win-64/argon2-cffi-20.1.0-py37h2bbff1b_1.conda
https://repo.anaconda.com/pkgs/main/win-64/astroid-2.5-py37haa95532_1.conda
https://repo.anaconda.com/pkgs/main/noarch/bleach-3.3.0-pyhd3eb1b0_0.conda
https://repo.anaconda.com/pkgs/main/win-64/brotlipy-0.7.0-py37h2bbff1b_1003.conda
https://repo.anaconda.com/pkgs/main/win-64/cryptography-3.4.7-py37h71e12ea_0.conda
https://repo.anaconda.com/pkgs/main/noarch/dask-core-2021.4.0-pyhd3eb1b0_0.conda
https://repo.anaconda.com/pkgs/main/noarch/importlib_metadata-3.10.0-hd3eb1b0_0.conda
https://repo.anaconda.com/pkgs/main/noarch/isort-5.8.0-pyhd3eb1b0_0.conda
https://repo.anaconda.com/pkgs/main/noarch/jinja2-3.0.0-pyhd3eb1b0_0.conda
https://repo.anaconda.com/pkgs/main/noarch/jupyter-packaging-0.7.12-pyhd3eb1b0_0.conda
https://repo.anaconda.com/pkgs/main/win-64/jupyter_core-4.7.1-py37haa95532_0.conda
https://repo.anaconda.com/pkgs/main/win-64/markdown-3.3.4-py37haa95532_0.conda
https://repo.anaconda.com/pkgs/main/win-64/numpy-base-1.20.2-py37hc2deb75_0.conda
https://repo.anaconda.com/pkgs/main/win-64/pip-21.0.1-py37haa95532_0.conda
https://repo.anaconda.com/pkgs/main/noarch/prompt_toolkit-3.0.17-hd3eb1b0_0.conda
https://repo.anaconda.com/pkgs/main/noarch/pygments-2.8.1-pyhd3eb1b0_0.conda
https://repo.anaconda.com/pkgs/main/win-64/sqlalchemy-1.4.15-py37h2bbff1b_0.conda
https://repo.anaconda.com/pkgs/main/win-64/terminado-0.9.4-py37haa95532_0.conda
https://repo.anaconda.com/pkgs/main/win-64/ipython-7.22.0-py37hd4e2768_0.conda
https://repo.anaconda.com/pkgs/main/noarch/jsonschema-3.2.0-py_2.conda
https://repo.anaconda.com/pkgs/main/noarch/jupyter_client-6.1.12-pyhd3eb1b0_0.conda
https://repo.anaconda.com/pkgs/main/win-64/pylint-2.7.4-py37haa95532_1.conda
https://repo.anaconda.com/pkgs/main/noarch/pyopenssl-20.0.1-pyhd3eb1b0_1.conda
https://repo.anaconda.com/pkgs/main/win-64/ipykernel-5.3.4-py37h5ca1d4c_0.conda
https://repo.anaconda.com/pkgs/main/noarch/nbformat-5.1.3-pyhd3eb1b0_0.conda
https://repo.anaconda.com/pkgs/main/noarch/urllib3-1.26.4-pyhd3eb1b0_0.conda
https://repo.anaconda.com/pkgs/main/noarch/jupyter_console-6.4.0-pyhd3eb1b0_0.conda
https://repo.anaconda.com/pkgs/main/win-64/nbconvert-5.6.1-py37_1.conda
https://repo.anaconda.com/pkgs/main/win-64/qtconsole-4.6.0-py37_1.conda
https://repo.anaconda.com/pkgs/main/noarch/requests-2.25.1-pyhd3eb1b0_0.conda
https://repo.anaconda.com/pkgs/main/win-64/selenium-3.141.0-py37hfa6e2cd_1001.conda
https://repo.anaconda.com/pkgs/main/win-64/jupyter_server-1.4.1-py37haa95532_0.conda
https://repo.anaconda.com/pkgs/main/win-64/notebook-6.3.0-py37haa95532_0.conda
https://repo.anaconda.com/pkgs/main/win-64/pyct-0.4.8-py37_0.conda
https://repo.anaconda.com/pkgs/main/noarch/colorcet-2.0.6-pyhd3eb1b0_0.conda
https://repo.anaconda.com/pkgs/main/noarch/jupyterlab_server-2.4.0-pyhd3eb1b0_0.conda
https://repo.anaconda.com/pkgs/main/noarch/nbclassic-0.2.6-pyhd3eb1b0_0.conda
https://repo.anaconda.com/pkgs/main/win-64/widgetsnbextension-3.5.1-py37_0.conda
https://repo.anaconda.com/pkgs/main/noarch/ipywidgets-7.6.3-pyhd3eb1b0_1.conda
https://repo.anaconda.com/pkgs/main/noarch/jupyterlab-3.0.14-pyhd3eb1b0_1.conda
https://repo.anaconda.com/pkgs/main/win-64/jupyter-1.0.0-py37_7.conda
https://repo.anaconda.com/pkgs/main/win-64/bokeh-2.3.2-py37haa95532_0.conda
https://conda.anaconda.org/pyviz/noarch/panel-0.11.3-py_0.tar.bz2
https://repo.anaconda.com/pkgs/main/win-64/datashape-0.5.4-py37haa95532_1.conda
https://repo.anaconda.com/pkgs/main/win-64/distributed-2021.5.0-py37haa95532_0.conda
https://repo.anaconda.com/pkgs/main/win-64/matplotlib-3.3.4-py37haa95532_0.conda
https://repo.anaconda.com/pkgs/main/win-64/matplotlib-base-3.3.4-py37h49ac443_0.conda
https://repo.anaconda.com/pkgs/main/win-64/mkl_fft-1.3.0-py37h277e83a_2.conda
https://repo.anaconda.com/pkgs/main/win-64/mkl_random-1.2.1-py37hf11a4ad_2.conda
https://repo.anaconda.com/pkgs/main/win-64/numpy-1.20.2-py37ha4e8547_0.conda
https://repo.anaconda.com/pkgs/main/win-64/numba-0.53.0-py37hf11a4ad_0.conda
https://repo.anaconda.com/pkgs/main/win-64/pandas-1.2.4-py37hd77b12b_0.conda
https://repo.anaconda.com/pkgs/main/win-64/scipy-1.6.2-py37h66253e8_1.conda
https://repo.anaconda.com/pkgs/main/noarch/dask-2021.4.0-pyhd3eb1b0_0.conda
https://conda.anaconda.org/pyviz/noarch/holoviews-1.14.4-py_0.tar.bz2
https://repo.anaconda.com/pkgs/main/noarch/xarray-0.18.0-pyhd3eb1b0_1.conda
https://conda.anaconda.org/pyviz/noarch/datashader-0.12.1-py_0.tar.bz2
https://conda.anaconda.org/pyviz/noarch/hvplot-0.7.1-py_0.tar.bz2
